c:\users\thanh\desktop\chicken-invaders - copy\demo\x64\debug\vc143.pdb
c:\users\thanh\desktop\chicken-invaders - copy\demo\x64\debug\vc143.idb
c:\users\thanh\desktop\chicken-invaders - copy\demo\x64\debug\standings.obj
c:\users\thanh\desktop\chicken-invaders - copy\demo\x64\debug\pointboard.obj
c:\users\thanh\desktop\chicken-invaders - copy\demo\x64\debug\player.obj
c:\users\thanh\desktop\chicken-invaders - copy\demo\x64\debug\menu.obj
c:\users\thanh\desktop\chicken-invaders - copy\demo\x64\debug\manyeggboss.obj
c:\users\thanh\desktop\chicken-invaders - copy\demo\x64\debug\manyegg.obj
c:\users\thanh\desktop\chicken-invaders - copy\demo\x64\debug\manychickens.obj
c:\users\thanh\desktop\chicken-invaders - copy\demo\x64\debug\manybullets.obj
c:\users\thanh\desktop\chicken-invaders - copy\demo\x64\debug\main.obj
c:\users\thanh\desktop\chicken-invaders - copy\demo\x64\debug\information.obj
c:\users\thanh\desktop\chicken-invaders - copy\demo\x64\debug\game.obj
c:\users\thanh\desktop\chicken-invaders - copy\demo\x64\debug\eggbig.obj
c:\users\thanh\desktop\chicken-invaders - copy\demo\x64\debug\egg.obj
c:\users\thanh\desktop\chicken-invaders - copy\demo\x64\debug\chicken.obj
c:\users\thanh\desktop\chicken-invaders - copy\demo\x64\debug\bulletpower.obj
c:\users\thanh\desktop\chicken-invaders - copy\demo\x64\debug\bullet.obj
c:\users\thanh\desktop\chicken-invaders - copy\demo\x64\debug\boss.obj
c:\users\thanh\desktop\chicken-invaders - copy\demo\x64\debug\background.obj
c:\users\thanh\desktop\chicken-invaders - copy\demo\x64\debug\demo.ilk
c:\users\thanh\desktop\chicken-invaders - copy\x64\debug\demo.exe
c:\users\thanh\desktop\chicken-invaders - copy\x64\debug\demo.pdb
c:\users\thanh\desktop\chicken-invaders - copy\demo\x64\debug\demo.tlog\cl.command.1.tlog
c:\users\thanh\desktop\chicken-invaders - copy\demo\x64\debug\demo.tlog\cl.read.1.tlog
c:\users\thanh\desktop\chicken-invaders - copy\demo\x64\debug\demo.tlog\cl.write.1.tlog
c:\users\thanh\desktop\chicken-invaders - copy\demo\x64\debug\demo.tlog\link.command.1.tlog
c:\users\thanh\desktop\chicken-invaders - copy\demo\x64\debug\demo.tlog\link.read.1.tlog
c:\users\thanh\desktop\chicken-invaders - copy\demo\x64\debug\demo.tlog\link.write.1.tlog
